[Message: Preloader] BepInEx 6.0.0-be.572 - Dinkum
[Message: Preloader] BLEEDING EDGE Build #572 from 9c2b17f3e4437b0d154754a3b9852e664eb98425 at master
[Info   :   BepInEx] System platform: Windows 10 64-bit
[Info   :   BepInEx] Process bitness: 64-bit (x64)
[Info   : Preloader] Running under Unity v2020.3.17.10769271
[Info   : Preloader] CLR runtime version: 4.0.30319.17020
[Info   : Preloader] Supports SRE: False
[Message: Preloader] Preloader started
[Info   :AssemblyPatcher] Loaded 1 patcher type from [BepInEx.Preloader.Unity 6.0.0.572]
[Info   : Preloader] 1 patcher plugin loaded
[Info   : Preloader] 105 assemblies discovered
[Message:AssemblyPatcher] Executing 1 patch(es)
[Message: Preloader] Preloader finished
[Message:   BepInEx] Chainloader initialized
[Info   :   BepInEx] 3 plugins to load
[Info   :   BepInEx] Loading [DinkumChinese 1.8.0]
[Info   :   BepInEx] Loading [I18NFont4UnityGame 1.0.0]
[Info   :   BepInEx] Loading [I2LocPatch 1.1.0]
[Message:   BepInEx] Chainloader startup complete
[Info   :I18NFont4UnityGame] Loaded mi_sans.
[Info   :I18NFont4UnityGame] Loaded I18NFont4UnityGame Plugin.
[Info   :I2LocPatch] 开始读取语言文件：Dinkum_CN-Export.csv
[Info   :I2LocPatch] D:\steam\steamapps\common\Dinkum\BepInEx\plugins\I2LocPatch\Dinkum_CN-Export.csv 读取完毕，共5938条翻译
[Info   :I2LocPatch] LoadCsv加载完毕 耗时4ms
